<?xml version="1.0" encoding="UTF-8"?>
<!-- Generated by org.testng.reporters.JUnitXMLReporter -->
<testsuite ignored="0" hostname="SLB-FDSCNC2" failures="0" tests="3" name="Add Customer" time="13.202" errors="0" timestamp="19 Jul 2019 04:12:17 GMT">
  <testcase classname="com.w2a.testcases.AddCustomer" name="addcustomer" time="4.475"/>
  <testcase classname="com.w2a.testcases.AddCustomer" name="addcustomer" time="4.36"/>
  <testcase classname="com.w2a.testcases.AddCustomer" name="addcustomer" time="4.351"/>
</testsuite> <!-- Add Customer -->
