<?xml version="1.0" encoding="UTF-8"?>
<!-- Generated by org.testng.reporters.JUnitXMLReporter -->
<testsuite ignored="0" hostname="SLB-FDSCNC2" failures="0" tests="3" name="Add Customer" time="12.883" errors="0" timestamp="17 Jul 2019 11:25:52 GMT">
  <testcase classname="com.w2a.testcases.AddCustomer" name="addcustomer" time="4.382"/>
  <testcase classname="com.w2a.testcases.AddCustomer" name="addcustomer" time="4.282"/>
  <testcase classname="com.w2a.testcases.AddCustomer" name="addcustomer" time="4.208"/>
</testsuite> <!-- Add Customer -->
