<?xml version="1.0" encoding="UTF-8"?>
<!-- Generated by org.testng.reporters.JUnitXMLReporter -->
<testsuite ignored="0" hostname="SLB-FDSCNC2" failures="0" tests="3" name="AddCustomer" time="12.956" errors="0" timestamp="17 Jul 2019 09:30:39 GMT">
  <testcase classname="com.w2a.testcases.AddCustomer" name="addcustomer" time="4.408"/>
  <testcase classname="com.w2a.testcases.AddCustomer" name="addcustomer" time="4.278"/>
  <testcase classname="com.w2a.testcases.AddCustomer" name="addcustomer" time="4.262"/>
</testsuite> <!-- AddCustomer -->
