<?xml version="1.0" encoding="UTF-8"?>
<!-- Generated by org.testng.reporters.JUnitXMLReporter -->
<testsuite ignored="2" hostname="SLB-FDSCNC2" failures="1" tests="1" name="Test" time="0.019" errors="0" timestamp="15 Jul 2019 08:36:47 GMT">
  <testcase classname="com.w2a.testcases.LoginTest" name="loginAsBankManager" time="0.004">
    <failure type="java.lang.NullPointerException">
      <![CDATA[java.lang.NullPointerException
at com.w2a.testcases.LoginTest.loginAsBankManager(LoginTest.java:13)
... Removed 25 stack frames]]>
    </failure>
  </testcase> <!-- loginAsBankManager -->
  <testcase classname="com.w2a.base.TestBase" name="@BeforeSuite setUp" time="0.0">
    <ignored/>
  </testcase> <!-- @BeforeSuite setUp -->
  <testcase classname="com.w2a.base.TestBase" name="@AfterSuite tearDown" time="0.0">
    <ignored/>
  </testcase> <!-- @AfterSuite tearDown -->
</testsuite> <!-- Test -->
