<?xml version="1.0" encoding="UTF-8"?>
<testsuite name="Add Customer"
           tests="3"
           failures="0"
           errors="0"
           skipped="0"
           time="12.864">
  <properties />
  
  
            <testcase name="addcustomer" time="4.441" classname="com.w2a.testcases.AddCustomer" />
                <testcase name="addcustomer" time="4.222" classname="com.w2a.testcases.AddCustomer" />
                <testcase name="addcustomer" time="4.201" classname="com.w2a.testcases.AddCustomer" />
      
</testsuite>
