<?xml version="1.0" encoding="UTF-8"?>
<testng-results ignored="0" total="4" passed="4" failed="0" skipped="0">
  <reporter-output>
    <line>
      <![CDATA[Browser launch Successfully]]>
    </line>
    <line>
      <![CDATA[Login as Bank Manager]]>
    </line>
    <line>
      <![CDATA[Customer successfully added]]>
    </line>
    <line>
      <![CDATA[Customer successfully added]]>
    </line>
    <line>
      <![CDATA[Customer successfully added]]>
    </line>
  </reporter-output>
  <suite started-at="2019-07-19T11:25:15Z" name="Banking" finished-at="2019-07-19T11:25:29Z" duration-ms="13518">
    <groups>
    </groups>
    <test started-at="2019-07-19T11:25:15Z" name="Bank Manager Login" finished-at="2019-07-19T11:25:16Z" duration-ms="340">
      <class name="com.w2a.testcases.BankManagerLogin">
        <test-method signature="loginAsBankManager()[pri:0, instance:com.w2a.testcases.BankManagerLogin@693fe6c9]" started-at="2019-07-19T11:25:16Z" name="loginAsBankManager" finished-at="2019-07-19T11:25:16Z" duration-ms="323" status="PASS">
          <reporter-output>
            <line>
              <![CDATA[Login as Bank Manager]]>
            </line>
          </reporter-output>
        </test-method> <!-- loginAsBankManager -->
      </class> <!-- com.w2a.testcases.BankManagerLogin -->
    </test> <!-- Bank Manager Login -->
    <test started-at="2019-07-19T11:25:16Z" name="Add Customer" finished-at="2019-07-19T11:25:29Z" duration-ms="13144">
      <class name="com.w2a.testcases.AddCustomer">
        <test-method is-config="true" signature="setUp()[pri:0, instance:com.w2a.testcases.AddCustomer@759d26fb]" started-at="2019-07-19T11:25:10Z" name="setUp" finished-at="2019-07-19T11:25:15Z" duration-ms="5958" status="PASS">
          <reporter-output>
            <line>
              <![CDATA[Browser launch Successfully]]>
            </line>
          </reporter-output>
        </test-method> <!-- setUp -->
        <test-method signature="addcustomer(java.lang.String, java.lang.String, java.lang.String)[pri:0, instance:com.w2a.testcases.AddCustomer@759d26fb]" started-at="2019-07-19T11:25:16Z" name="addcustomer" data-provider="getData" finished-at="2019-07-19T11:25:20Z" duration-ms="4485" status="PASS">
          <params>
            <param index="0">
              <value>
                <![CDATA[Amir]]>
              </value>
            </param>
            <param index="1">
              <value>
                <![CDATA[Sikandar]]>
              </value>
            </param>
            <param index="2">
              <value>
                <![CDATA[JSR]]>
              </value>
            </param>
          </params>
          <reporter-output>
            <line>
              <![CDATA[Customer successfully added]]>
            </line>
          </reporter-output>
        </test-method> <!-- addcustomer -->
        <test-method signature="addcustomer(java.lang.String, java.lang.String, java.lang.String)[pri:0, instance:com.w2a.testcases.AddCustomer@759d26fb]" started-at="2019-07-19T11:25:20Z" name="addcustomer" data-provider="getData" finished-at="2019-07-19T11:25:25Z" duration-ms="4284" status="PASS">
          <params>
            <param index="0">
              <value>
                <![CDATA[Darshan]]>
              </value>
            </param>
            <param index="1">
              <value>
                <![CDATA[Bora]]>
              </value>
            </param>
            <param index="2">
              <value>
                <![CDATA[JSR]]>
              </value>
            </param>
          </params>
          <reporter-output>
            <line>
              <![CDATA[Customer successfully added]]>
            </line>
          </reporter-output>
        </test-method> <!-- addcustomer -->
        <test-method signature="addcustomer(java.lang.String, java.lang.String, java.lang.String)[pri:0, instance:com.w2a.testcases.AddCustomer@759d26fb]" started-at="2019-07-19T11:25:25Z" name="addcustomer" data-provider="getData" finished-at="2019-07-19T11:25:29Z" duration-ms="4362" status="PASS">
          <params>
            <param index="0">
              <value>
                <![CDATA[Sanket]]>
              </value>
            </param>
            <param index="1">
              <value>
                <![CDATA[Agrawal]]>
              </value>
            </param>
            <param index="2">
              <value>
                <![CDATA[JSR]]>
              </value>
            </param>
          </params>
          <reporter-output>
            <line>
              <![CDATA[Customer successfully added]]>
            </line>
          </reporter-output>
        </test-method> <!-- addcustomer -->
        <test-method is-config="true" signature="teardown()[pri:0, instance:com.w2a.testcases.AddCustomer@759d26fb]" started-at="2019-07-19T11:25:29Z" name="teardown" finished-at="2019-07-19T11:25:30Z" duration-ms="615" status="PASS">
          <reporter-output>
          </reporter-output>
        </test-method> <!-- teardown -->
      </class> <!-- com.w2a.testcases.AddCustomer -->
    </test> <!-- Add Customer -->
  </suite> <!-- Banking -->
</testng-results>
